info: Blog app started
info: Blog app started
info: Blog app started
info: Blog app started
info: Blog app started
info: Blog app started
info: Blog app started
info: Blog app started
info: Blog app started
info: Blog app started
info: Blog app started
info: fetching blog with id 343
info: Blog app started
info: fetching blog with id 343
error: An error occurred while fetching the blog
info: Blog app started
info: Blog app started
info: Blog app started
info: fetching blog with id 6521bb8fe900326db2742f0a
info: Blog app started
2023-10-07T20:51:53.809Z [info]: Blog app started
2023-10-07T20:52:10.934Z [info]: fetching blog with id 6521bb8fe900326db2742f0a
2023-10-07T20:52:43.266Z [info]: Blog app started
